<?xml version="1.0" encoding="UTF-8"?>
<!-- Generated by org.testng.reporters.JUnitXMLReporter -->
<testsuite hostname="CE-480" ignored="1" name="Default test" tests="1" failures="0" timestamp="03 Jul 2018 09:08:19 GMT" time="18.537" errors="0">
  <testcase name="CompanyLogoTest" time="0.055" classname="com.Omnient.qa.testcases.HomePageTest"/>
  <testcase name="ContactTextTest" time="0.0" classname="com.Omnient.qa.testcases.HomePageTest">
    <ignored/>
  </testcase> <!-- ContactTextTest -->
</testsuite> <!-- Default test -->
